nohup: ignoring input
 * Serving Flask app "app" (lazy loading)
 * Environment: production
   WARNING: This is a development server. Do not use it in a production deployment.
   Use a production WSGI server instead.
 * Debug mode: off
 * Running on http://0.0.0.0:8000/ (Press CTRL+C to quit)
2022-06-15 22:41:09,441 INFO sqlalchemy.engine.base.Engine select version()
2022-06-15 22:41:09,442 INFO sqlalchemy.engine.base.Engine {}
2022-06-15 22:41:09,463 INFO sqlalchemy.engine.base.Engine select current_schema()
2022-06-15 22:41:09,463 INFO sqlalchemy.engine.base.Engine {}
2022-06-15 22:41:09,484 INFO sqlalchemy.engine.base.Engine SELECT CAST('test plain returns' AS VARCHAR(60)) AS anon_1
2022-06-15 22:41:09,484 INFO sqlalchemy.engine.base.Engine {}
2022-06-15 22:41:09,495 INFO sqlalchemy.engine.base.Engine SELECT CAST('test unicode returns' AS VARCHAR(60)) AS anon_1
2022-06-15 22:41:09,495 INFO sqlalchemy.engine.base.Engine {}
2022-06-15 22:41:09,506 INFO sqlalchemy.engine.base.Engine show standard_conforming_strings
2022-06-15 22:41:09,506 INFO sqlalchemy.engine.base.Engine {}
2022-06-15 22:41:09,527 INFO sqlalchemy.engine.base.Engine BEGIN (implicit)
2022-06-15 22:41:09,528 INFO sqlalchemy.engine.base.Engine SELECT account."User_id" AS "account_User_id", account."User_type" AS "account_User_type", account."Passwd" AS "account_Passwd" 
FROM account 
WHERE account."User_id" = %(User_id_1)s 
 LIMIT %(param_1)s
2022-06-15 22:41:09,528 INFO sqlalchemy.engine.base.Engine {'User_id_1': '19000000', 'param_1': 1}
2022-06-15 22:41:09,552 INFO sqlalchemy.engine.base.Engine SELECT student."StudentNum" AS "student_StudentNum", student."StudentName" AS "student_StudentName", student."MajorNum" AS "student_MajorNum", student."DeptNum" AS "student_DeptNum" 
FROM student 
WHERE student."StudentNum" = %(param_1)s
2022-06-15 22:41:09,552 INFO sqlalchemy.engine.base.Engine {'param_1': 19000000}
2022-06-15 22:41:09,565 INFO sqlalchemy.engine.base.Engine SELECT course."CourseNum" AS "course_CourseNum", course."CourseName" AS "course_CourseName", course."CourseCredit" AS "course_CourseCredit", course."CourseCapacity" AS "course_CourseCapacity" 
FROM course 
WHERE course."CourseNum" = %(CourseNum_1)s 
 LIMIT %(param_1)s
2022-06-15 22:41:09,565 INFO sqlalchemy.engine.base.Engine {'CourseNum_1': '08306120', 'param_1': 1}
2022-06-15 22:41:09,578 INFO sqlalchemy.engine.base.Engine SELECT class."ClassNum" AS "class_ClassNum", class."ClassTime" AS "class_ClassTime", class."ClassVenue" AS "class_ClassVenue", class."ClassCapacity" AS "class_ClassCapacity", class."CourseNum" AS "class_CourseNum", class."TeacherNum" AS "class_TeacherNum" 
FROM class 
WHERE %(param_1)s = class."CourseNum"
2022-06-15 22:41:09,578 INFO sqlalchemy.engine.base.Engine {'param_1': '08306120'}
2022-06-15 22:41:09,590 INFO sqlalchemy.engine.base.Engine SELECT teacher."TeacherNum" AS "teacher_TeacherNum", teacher."TeacherName" AS "teacher_TeacherName", teacher."TeacherTitle" AS "teacher_TeacherTitle", teacher."DeptNum" AS "teacher_DeptNum" 
FROM teacher 
WHERE teacher."TeacherNum" = %(param_1)s
2022-06-15 22:41:09,591 INFO sqlalchemy.engine.base.Engine {'param_1': '10000940'}
2022-06-15 22:41:09,602 INFO sqlalchemy.engine.base.Engine SELECT teacher."TeacherNum" AS "teacher_TeacherNum", teacher."TeacherName" AS "teacher_TeacherName", teacher."TeacherTitle" AS "teacher_TeacherTitle", teacher."DeptNum" AS "teacher_DeptNum" 
FROM teacher 
WHERE teacher."TeacherNum" = %(param_1)s
2022-06-15 22:41:09,602 INFO sqlalchemy.engine.base.Engine {'param_1': '10000174'}
2022-06-15 22:41:09,614 INFO sqlalchemy.engine.base.Engine SELECT class."ClassNum" AS "class_ClassNum", class."ClassTime" AS "class_ClassTime", class."ClassVenue" AS "class_ClassVenue", class."ClassCapacity" AS "class_ClassCapacity", class."CourseNum" AS "class_CourseNum", class."TeacherNum" AS "class_TeacherNum" 
FROM class, student_class_table 
WHERE %(param_1)s = student_class_table."StudentNum" AND class."ClassNum" = student_class_table."ClassNum"
2022-06-15 22:41:09,614 INFO sqlalchemy.engine.base.Engine {'param_1': '19000000'}
2022-06-15 22:41:09,649 INFO sqlalchemy.engine.base.Engine ROLLBACK
101.94.166.243 - - [15/Jun/2022 22:41:09] "GET /course_teachers/08306120 HTTP/1.1" 200 -
2022-06-15 22:41:14,556 INFO sqlalchemy.engine.base.Engine BEGIN (implicit)
2022-06-15 22:41:14,557 INFO sqlalchemy.engine.base.Engine SELECT account."User_id" AS "account_User_id", account."User_type" AS "account_User_type", account."Passwd" AS "account_Passwd" 
FROM account 
WHERE account."User_id" = %(User_id_1)s 
 LIMIT %(param_1)s
2022-06-15 22:41:14,557 INFO sqlalchemy.engine.base.Engine {'User_id_1': '19000000', 'param_1': 1}
2022-06-15 22:41:14,578 INFO sqlalchemy.engine.base.Engine SELECT student."StudentNum" AS "student_StudentNum", student."StudentName" AS "student_StudentName", student."MajorNum" AS "student_MajorNum", student."DeptNum" AS "student_DeptNum" 
FROM student 
WHERE student."StudentNum" = %(param_1)s
2022-06-15 22:41:14,578 INFO sqlalchemy.engine.base.Engine {'param_1': 19000000}
2022-06-15 22:41:14,590 INFO sqlalchemy.engine.base.Engine SELECT class."ClassNum" AS "class_ClassNum", class."ClassTime" AS "class_ClassTime", class."ClassVenue" AS "class_ClassVenue", class."ClassCapacity" AS "class_ClassCapacity", class."CourseNum" AS "class_CourseNum", class."TeacherNum" AS "class_TeacherNum" 
FROM class, student_class_table 
WHERE %(param_1)s = student_class_table."StudentNum" AND class."ClassNum" = student_class_table."ClassNum"
2022-06-15 22:41:14,590 INFO sqlalchemy.engine.base.Engine {'param_1': '19000000'}
2022-06-15 22:41:14,603 INFO sqlalchemy.engine.base.Engine ROLLBACK
101.94.166.243 - - [15/Jun/2022 22:41:14] "GET /course_select/08306120_1001 HTTP/1.1" 302 -
2022-06-15 22:41:14,695 INFO sqlalchemy.engine.base.Engine BEGIN (implicit)
2022-06-15 22:41:14,695 INFO sqlalchemy.engine.base.Engine SELECT account."User_id" AS "account_User_id", account."User_type" AS "account_User_type", account."Passwd" AS "account_Passwd" 
FROM account 
WHERE account."User_id" = %(User_id_1)s 
 LIMIT %(param_1)s
2022-06-15 22:41:14,695 INFO sqlalchemy.engine.base.Engine {'User_id_1': '19000000', 'param_1': 1}
2022-06-15 22:41:14,717 INFO sqlalchemy.engine.base.Engine SELECT student."StudentNum" AS "student_StudentNum", student."StudentName" AS "student_StudentName", student."MajorNum" AS "student_MajorNum", student."DeptNum" AS "student_DeptNum" 
FROM student 
WHERE student."StudentNum" = %(param_1)s
2022-06-15 22:41:14,718 INFO sqlalchemy.engine.base.Engine {'param_1': 19000000}
2022-06-15 22:41:14,730 INFO sqlalchemy.engine.base.Engine SELECT class."ClassNum" AS "class_ClassNum", class."ClassTime" AS "class_ClassTime", class."ClassVenue" AS "class_ClassVenue", class."ClassCapacity" AS "class_ClassCapacity", class."CourseNum" AS "class_CourseNum", class."TeacherNum" AS "class_TeacherNum" 
FROM class, student_class_table 
WHERE %(param_1)s = student_class_table."StudentNum" AND class."ClassNum" = student_class_table."ClassNum"
2022-06-15 22:41:14,730 INFO sqlalchemy.engine.base.Engine {'param_1': '19000000'}
2022-06-15 22:41:14,742 INFO sqlalchemy.engine.base.Engine SELECT course."CourseNum" AS "course_CourseNum", course."CourseName" AS "course_CourseName", course."CourseCredit" AS "course_CourseCredit", course."CourseCapacity" AS "course_CourseCapacity" 
FROM course 
WHERE course."CourseNum" = %(param_1)s
2022-06-15 22:41:14,742 INFO sqlalchemy.engine.base.Engine {'param_1': '04636005'}
2022-06-15 22:41:14,754 INFO sqlalchemy.engine.base.Engine SELECT teacher."TeacherNum" AS "teacher_TeacherNum", teacher."TeacherName" AS "teacher_TeacherName", teacher."TeacherTitle" AS "teacher_TeacherTitle", teacher."DeptNum" AS "teacher_DeptNum" 
FROM teacher 
WHERE teacher."TeacherNum" = %(param_1)s
2022-06-15 22:41:14,754 INFO sqlalchemy.engine.base.Engine {'param_1': '10000741'}
2022-06-15 22:41:14,765 INFO sqlalchemy.engine.base.Engine SELECT course."CourseNum" AS "course_CourseNum", course."CourseName" AS "course_CourseName", course."CourseCredit" AS "course_CourseCredit", course."CourseCapacity" AS "course_CourseCapacity" 
FROM course 
WHERE course."CourseNum" = %(param_1)s
2022-06-15 22:41:14,765 INFO sqlalchemy.engine.base.Engine {'param_1': '08306120'}
2022-06-15 22:41:14,776 INFO sqlalchemy.engine.base.Engine SELECT teacher."TeacherNum" AS "teacher_TeacherNum", teacher."TeacherName" AS "teacher_TeacherName", teacher."TeacherTitle" AS "teacher_TeacherTitle", teacher."DeptNum" AS "teacher_DeptNum" 
FROM teacher 
WHERE teacher."TeacherNum" = %(param_1)s
2022-06-15 22:41:14,776 INFO sqlalchemy.engine.base.Engine {'param_1': '10000174'}
2022-06-15 22:41:14,787 INFO sqlalchemy.engine.base.Engine SELECT course."CourseNum" AS "course_CourseNum", course."CourseName" AS "course_CourseName", course."CourseCredit" AS "course_CourseCredit", course."CourseCapacity" AS "course_CourseCapacity" 
FROM course 
WHERE course."CourseNum" = %(param_1)s
2022-06-15 22:41:14,788 INFO sqlalchemy.engine.base.Engine {'param_1': '03004492'}
2022-06-15 22:41:14,799 INFO sqlalchemy.engine.base.Engine SELECT teacher."TeacherNum" AS "teacher_TeacherNum", teacher."TeacherName" AS "teacher_TeacherName", teacher."TeacherTitle" AS "teacher_TeacherTitle", teacher."DeptNum" AS "teacher_DeptNum" 
FROM teacher 
WHERE teacher."TeacherNum" = %(param_1)s
2022-06-15 22:41:14,799 INFO sqlalchemy.engine.base.Engine {'param_1': '10000499'}
2022-06-15 22:41:14,810 INFO sqlalchemy.engine.base.Engine SELECT course."CourseNum" AS "course_CourseNum", course."CourseName" AS "course_CourseName", course."CourseCredit" AS "course_CourseCredit", course."CourseCapacity" AS "course_CourseCapacity" 
FROM course 
WHERE course."CourseNum" = %(param_1)s
2022-06-15 22:41:14,810 INFO sqlalchemy.engine.base.Engine {'param_1': '03116285'}
2022-06-15 22:41:14,821 INFO sqlalchemy.engine.base.Engine SELECT teacher."TeacherNum" AS "teacher_TeacherNum", teacher."TeacherName" AS "teacher_TeacherName", teacher."TeacherTitle" AS "teacher_TeacherTitle", teacher."DeptNum" AS "teacher_DeptNum" 
FROM teacher 
WHERE teacher."TeacherNum" = %(param_1)s
2022-06-15 22:41:14,822 INFO sqlalchemy.engine.base.Engine {'param_1': '10000631'}
2022-06-15 22:41:14,833 INFO sqlalchemy.engine.base.Engine SELECT course."CourseNum" AS "course_CourseNum", course."CourseName" AS "course_CourseName", course."CourseCredit" AS "course_CourseCredit", course."CourseCapacity" AS "course_CourseCapacity" 
FROM course 
WHERE course."CourseNum" = %(param_1)s
2022-06-15 22:41:14,833 INFO sqlalchemy.engine.base.Engine {'param_1': '0260A055'}
2022-06-15 22:41:14,844 INFO sqlalchemy.engine.base.Engine SELECT teacher."TeacherNum" AS "teacher_TeacherNum", teacher."TeacherName" AS "teacher_TeacherName", teacher."TeacherTitle" AS "teacher_TeacherTitle", teacher."DeptNum" AS "teacher_DeptNum" 
FROM teacher 
WHERE teacher."TeacherNum" = %(param_1)s
2022-06-15 22:41:14,844 INFO sqlalchemy.engine.base.Engine {'param_1': '10000709'}
2022-06-15 22:41:14,855 INFO sqlalchemy.engine.base.Engine SELECT course."CourseNum" AS "course_CourseNum", course."CourseName" AS "course_CourseName", course."CourseCredit" AS "course_CourseCredit", course."CourseCapacity" AS "course_CourseCapacity" 
FROM course 
WHERE course."CourseNum" = %(param_1)s
2022-06-15 22:41:14,856 INFO sqlalchemy.engine.base.Engine {'param_1': '04165001'}
2022-06-15 22:41:14,867 INFO sqlalchemy.engine.base.Engine SELECT teacher."TeacherNum" AS "teacher_TeacherNum", teacher."TeacherName" AS "teacher_TeacherName", teacher."TeacherTitle" AS "teacher_TeacherTitle", teacher."DeptNum" AS "teacher_DeptNum" 
FROM teacher 
WHERE teacher."TeacherNum" = %(param_1)s
2022-06-15 22:41:14,867 INFO sqlalchemy.engine.base.Engine {'param_1': '10000775'}
2022-06-15 22:41:14,885 INFO sqlalchemy.engine.base.Engine ROLLBACK
101.94.166.243 - - [15/Jun/2022 22:41:14] "GET /course_select_table HTTP/1.1" 200 -
